The target system is: Generic -  - riscv
The host system is: Linux - 5.15.0-53-generic - x86_64
Compiling the C compiler identification source file "CMakeCCompilerId.c" succeeded.
Compiler: /home/zarko/riscv64-unknown-elf-toolchain-10.2.0-2020.12.8-x86_64-linux-ubuntu14/bin/riscv64-unknown-elf-gcc 
Build flags: ;-Wall;-Wextra;-Wpedantic;-Wno-unused-parameter;-Og;-g3;-ggdb
Id flags:  

The output was:
0


Compilation of the C compiler identification source "CMakeCCompilerId.c" produced "a.out"

The C compiler identification is GNU, found in "/home/zarko/Desktop/projects/riscv-freertos/build/CMakeFiles/3.22.1/CompilerIdC/a.out"

Compiling the CXX compiler identification source file "CMakeCXXCompilerId.cpp" succeeded.
Compiler: /home/zarko/riscv64-unknown-elf-toolchain-10.2.0-2020.12.8-x86_64-linux-ubuntu14/bin/riscv64-unknown-elf-g++ -march=rv32imac;-mabi=ilp32;-fdata-sections;-ffunction-sections;-Wl,--gc-sections;-fno-rtti;-fno-exceptions;-fno-threadsafe-statics
Build flags: -fno-rtti;-fno-exceptions;-fno-threadsafe-statics
Id flags:  

The output was:
0


Compilation of the CXX compiler identification source "CMakeCXXCompilerId.cpp" produced "a.out"

The CXX compiler identification is GNU, found in "/home/zarko/Desktop/projects/riscv-freertos/build/CMakeFiles/3.22.1/CompilerIdCXX/a.out"

Detecting C compiler ABI info compiled with the following output:
Change Dir: /home/zarko/Desktop/projects/riscv-freertos/build/CMakeFiles/CMakeTmp

Run Build Command(s):/usr/bin/ninja cmTC_1df84 && [1/2] Building C object CMakeFiles/cmTC_1df84.dir/CMakeCCompilerABI.c.obj
Using built-in specs.
COLLECT_GCC=/home/zarko/riscv64-unknown-elf-toolchain-10.2.0-2020.12.8-x86_64-linux-ubuntu14/bin/riscv64-unknown-elf-gcc
Target: riscv64-unknown-elf
Configured with: /scratch/jenkins/workspace/tpp-freedom-tools/tpp03--build-binary-packages--parameterized/obj/x86_64-linux-ubuntu14/build/riscv64-unknown-elf-gcc/riscv-gcc/configure --target=riscv64-unknown-elf --host=x86_64-linux-gnu --prefix=/scratch/jenkins/workspace/tpp-freedom-tools/tpp03--build-binary-packages--parameterized/obj/x86_64-linux-ubuntu14/install/riscv64-unknown-elf-gcc-10.2.0-2020.12.8-x86_64-linux-ubuntu14 --with-pkgversion='SiFive GCC-Metal 10.2.0-2020.12.8' --with-bugurl=https://github.com/sifive/freedom-tools/issues --disable-shared --disable-threads --enable-languages=c,c++ --enable-tls --with-newlib --with-sysroot=/scratch/jenkins/workspace/tpp-freedom-tools/tpp03--build-binary-packages--parameterized/obj/x86_64-linux-ubuntu14/install/riscv64-unknown-elf-gcc-10.2.0-2020.12.8-x86_64-linux-ubuntu14/riscv64-unknown-elf --with-native-system-header-dir=/include --disable-libmudflap --disable-libssp --disable-libquadmath --disable-libgomp --disable-nls --disable-tm-clone-registry --src=../riscv-gcc --with-system-zlib --enable-checking=yes --enable-multilib --with-abi=lp64d --with-arch=rv64imafdc CFLAGS=-O2 CXXFLAGS=-O2 'CFLAGS_FOR_TARGET=-Os -mcmodel=medany' 'CXXFLAGS_FOR_TARGET=-Os -mcmodel=medany'
Thread model: single
Supported LTO compression algorithms: zlib
gcc version 10.2.0 (SiFive GCC-Metal 10.2.0-2020.12.8) 
COLLECT_GCC_OPTIONS='-D' 'DEBUG' '-D' 'D_CLOCK_RATE=50000000' '-D' 'D_EXT_INTERRUPT_FIRST_SOURCE_USED=0' '-D' 'D_EXT_INTERRUPT_LAST_SOURCE_USED=255' '-D' 'D_EXT_INTS_GENERATION_REG_ADDRESS=0x8000100B' '-D' 'D_ISR_STACK_SIZE=400' '-D' 'D_MTIMECMP_ADDRESS=0x80001028' '-D' 'D_MTIME_ADDRESS=0x80001020' '-D' 'D_NEXYS_A7' '-D' 'D_NMI_VEC_ADDRESSS=0x8000100C' '-D' 'D_PIC_BASE_ADDRESS=0xF00C0000' '-D' 'D_PIC_NUM_OF_EXT_INTERRUPTS=256' '-D' 'D_SWERV_EH1' '-D' 'D_TICK_TIME_MS=4' '-D' 'D_TIMER_ACTIVATION_ADDRESS=0x80001034' '-D' 'D_TIMER_DURATION_SETUP_ADDRESS=0x80001030' '-D' '__riscv_xlen=32' '-Wall' '-Wextra' '-Wpedantic' '-Wno-unused-parameter' '-Og' '-g3' '-ggdb' '-v' '-std=gnu11' '-o' 'CMakeFiles/cmTC_1df84.dir/CMakeCCompilerABI.c.obj' '-c' '-march=rv64imafdc' '-mabi=lp64d' '-march=rv64imafdc'
 /home/zarko/riscv64-unknown-elf-toolchain-10.2.0-2020.12.8-x86_64-linux-ubuntu14/bin/../libexec/gcc/riscv64-unknown-elf/10.2.0/cc1 -quiet -v -imultilib rv64imafdc/lp64d -iprefix /home/zarko/riscv64-unknown-elf-toolchain-10.2.0-2020.12.8-x86_64-linux-ubuntu14/bin/../lib/gcc/riscv64-unknown-elf/10.2.0/ -isysroot /home/zarko/riscv64-unknown-elf-toolchain-10.2.0-2020.12.8-x86_64-linux-ubuntu14/bin/../riscv64-unknown-elf -dD -D DEBUG -D D_CLOCK_RATE=50000000 -D D_EXT_INTERRUPT_FIRST_SOURCE_USED=0 -D D_EXT_INTERRUPT_LAST_SOURCE_USED=255 -D D_EXT_INTS_GENERATION_REG_ADDRESS=0x8000100B -D D_ISR_STACK_SIZE=400 -D D_MTIMECMP_ADDRESS=0x80001028 -D D_MTIME_ADDRESS=0x80001020 -D D_NEXYS_A7 -D D_NMI_VEC_ADDRESSS=0x8000100C -D D_PIC_BASE_ADDRESS=0xF00C0000 -D D_PIC_NUM_OF_EXT_INTERRUPTS=256 -D D_SWERV_EH1 -D D_TICK_TIME_MS=4 -D D_TIMER_ACTIVATION_ADDRESS=0x80001034 -D D_TIMER_DURATION_SETUP_ADDRESS=0x80001030 -D __riscv_xlen=32 /usr/share/cmake-3.22/Modules/CMakeCCompilerABI.c -quiet -dumpbase CMakeCCompilerABI.c -march=rv64imafdc -mabi=lp64d -march=rv64imafdc -auxbase-strip CMakeFiles/cmTC_1df84.dir/CMakeCCompilerABI.c.obj -g3 -ggdb -Og -Wall -Wextra -Wpedantic -Wno-unused-parameter -std=gnu11 -version -o /tmp/ccLcgWaj.s
GNU C11 (SiFive GCC-Metal 10.2.0-2020.12.8) version 10.2.0 (riscv64-unknown-elf)
	compiled by GNU C version 5.4.0 20160609, GMP version 6.1.0, MPFR version 3.1.4, MPC version 1.0.3, isl version isl-0.18-GMP

GGC heuristics: --param ggc-min-expand=30 --param ggc-min-heapsize=4096
ignoring duplicate directory "/home/zarko/riscv64-unknown-elf-toolchain-10.2.0-2020.12.8-x86_64-linux-ubuntu14/bin/../lib/gcc/../../lib/gcc/riscv64-unknown-elf/10.2.0/include"
ignoring nonexistent directory "/home/zarko/riscv64-unknown-elf-toolchain-10.2.0-2020.12.8-x86_64-linux-ubuntu14/bin/../riscv64-unknown-elf/usr/local/include"
ignoring duplicate directory "/home/zarko/riscv64-unknown-elf-toolchain-10.2.0-2020.12.8-x86_64-linux-ubuntu14/bin/../lib/gcc/../../lib/gcc/riscv64-unknown-elf/10.2.0/include-fixed"
ignoring duplicate directory "/home/zarko/riscv64-unknown-elf-toolchain-10.2.0-2020.12.8-x86_64-linux-ubuntu14/bin/../lib/gcc/../../lib/gcc/riscv64-unknown-elf/10.2.0/../../../../riscv64-unknown-elf/include"
ignoring duplicate directory "/home/zarko/riscv64-unknown-elf-toolchain-10.2.0-2020.12.8-x86_64-linux-ubuntu14/bin/../riscv64-unknown-elf/include"
#include "..." search starts here:
#include <...> search starts here:
 /home/zarko/riscv64-unknown-elf-toolchain-10.2.0-2020.12.8-x86_64-linux-ubuntu14/bin/../lib/gcc/riscv64-unknown-elf/10.2.0/include
 /home/zarko/riscv64-unknown-elf-toolchain-10.2.0-2020.12.8-x86_64-linux-ubuntu14/bin/../lib/gcc/riscv64-unknown-elf/10.2.0/include-fixed
 /home/zarko/riscv64-unknown-elf-toolchain-10.2.0-2020.12.8-x86_64-linux-ubuntu14/bin/../lib/gcc/riscv64-unknown-elf/10.2.0/../../../../riscv64-unknown-elf/include
End of search list.
GNU C11 (SiFive GCC-Metal 10.2.0-2020.12.8) version 10.2.0 (riscv64-unknown-elf)
	compiled by GNU C version 5.4.0 20160609, GMP version 6.1.0, MPFR version 3.1.4, MPC version 1.0.3, isl version isl-0.18-GMP

GGC heuristics: --param ggc-min-expand=30 --param ggc-min-heapsize=4096
Compiler executable checksum: 60d252ed314f9b710cd503352129ad1f
<command-line>: warning: "__riscv_xlen" redefined
<built-in>: note: this is the location of the previous definition
COLLECT_GCC_OPTIONS='-D' 'DEBUG' '-D' 'D_CLOCK_RATE=50000000' '-D' 'D_EXT_INTERRUPT_FIRST_SOURCE_USED=0' '-D' 'D_EXT_INTERRUPT_LAST_SOURCE_USED=255' '-D' 'D_EXT_INTS_GENERATION_REG_ADDRESS=0x8000100B' '-D' 'D_ISR_STACK_SIZE=400' '-D' 'D_MTIMECMP_ADDRESS=0x80001028' '-D' 'D_MTIME_ADDRESS=0x80001020' '-D' 'D_NEXYS_A7' '-D' 'D_NMI_VEC_ADDRESSS=0x8000100C' '-D' 'D_PIC_BASE_ADDRESS=0xF00C0000' '-D' 'D_PIC_NUM_OF_EXT_INTERRUPTS=256' '-D' 'D_SWERV_EH1' '-D' 'D_TICK_TIME_MS=4' '-D' 'D_TIMER_ACTIVATION_ADDRESS=0x80001034' '-D' 'D_TIMER_DURATION_SETUP_ADDRESS=0x80001030' '-D' '__riscv_xlen=32' '-Wall' '-Wextra' '-Wpedantic' '-Wno-unused-parameter' '-Og' '-g3' '-ggdb' '-v' '-std=gnu11' '-o' 'CMakeFiles/cmTC_1df84.dir/CMakeCCompilerABI.c.obj' '-c' '-march=rv64imafdc' '-mabi=lp64d' '-march=rv64imafdc'
 /home/zarko/riscv64-unknown-elf-toolchain-10.2.0-2020.12.8-x86_64-linux-ubuntu14/bin/../lib/gcc/riscv64-unknown-elf/10.2.0/../../../../riscv64-unknown-elf/bin/as -v --traditional-format -march=rv64imafdc -march=rv64imafdc -mabi=lp64d -o CMakeFiles/cmTC_1df84.dir/CMakeCCompilerABI.c.obj /tmp/ccLcgWaj.s
GNU assembler version 2.35 (riscv64-unknown-elf) using BFD version (SiFive Binutils-Metal 2.35.0-2020.12.8) 2.35
COMPILER_PATH=/home/zarko/riscv64-unknown-elf-toolchain-10.2.0-2020.12.8-x86_64-linux-ubuntu14/bin/../libexec/gcc/riscv64-unknown-elf/10.2.0/:/home/zarko/riscv64-unknown-elf-toolchain-10.2.0-2020.12.8-x86_64-linux-ubuntu14/bin/../libexec/gcc/:/home/zarko/riscv64-unknown-elf-toolchain-10.2.0-2020.12.8-x86_64-linux-ubuntu14/bin/../lib/gcc/riscv64-unknown-elf/10.2.0/../../../../riscv64-unknown-elf/bin/
LIBRARY_PATH=/home/zarko/riscv64-unknown-elf-toolchain-10.2.0-2020.12.8-x86_64-linux-ubuntu14/bin/../lib/gcc/riscv64-unknown-elf/10.2.0/rv64imafdc/lp64d/:/home/zarko/riscv64-unknown-elf-toolchain-10.2.0-2020.12.8-x86_64-linux-ubuntu14/bin/../lib/gcc/riscv64-unknown-elf/10.2.0/../../../../riscv64-unknown-elf/lib/rv64imafdc/lp64d/:/home/zarko/riscv64-unknown-elf-toolchain-10.2.0-2020.12.8-x86_64-linux-ubuntu14/bin/../riscv64-unknown-elf/lib/rv64imafdc/lp64d/:/home/zarko/riscv64-unknown-elf-toolchain-10.2.0-2020.12.8-x86_64-linux-ubuntu14/bin/../lib/gcc/riscv64-unknown-elf/10.2.0/:/home/zarko/riscv64-unknown-elf-toolchain-10.2.0-2020.12.8-x86_64-linux-ubuntu14/bin/../lib/gcc/:/home/zarko/riscv64-unknown-elf-toolchain-10.2.0-2020.12.8-x86_64-linux-ubuntu14/bin/../lib/gcc/riscv64-unknown-elf/10.2.0/../../../../riscv64-unknown-elf/lib/:/home/zarko/riscv64-unknown-elf-toolchain-10.2.0-2020.12.8-x86_64-linux-ubuntu14/bin/../riscv64-unknown-elf/lib/
COLLECT_GCC_OPTIONS='-D' 'DEBUG' '-D' 'D_CLOCK_RATE=50000000' '-D' 'D_EXT_INTERRUPT_FIRST_SOURCE_USED=0' '-D' 'D_EXT_INTERRUPT_LAST_SOURCE_USED=255' '-D' 'D_EXT_INTS_GENERATION_REG_ADDRESS=0x8000100B' '-D' 'D_ISR_STACK_SIZE=400' '-D' 'D_MTIMECMP_ADDRESS=0x80001028' '-D' 'D_MTIME_ADDRESS=0x80001020' '-D' 'D_NEXYS_A7' '-D' 'D_NMI_VEC_ADDRESSS=0x8000100C' '-D' 'D_PIC_BASE_ADDRESS=0xF00C0000' '-D' 'D_PIC_NUM_OF_EXT_INTERRUPTS=256' '-D' 'D_SWERV_EH1' '-D' 'D_TICK_TIME_MS=4' '-D' 'D_TIMER_ACTIVATION_ADDRESS=0x80001034' '-D' 'D_TIMER_DURATION_SETUP_ADDRESS=0x80001030' '-D' '__riscv_xlen=32' '-Wall' '-Wextra' '-Wpedantic' '-Wno-unused-parameter' '-Og' '-g3' '-ggdb' '-v' '-std=gnu11' '-o' 'CMakeFiles/cmTC_1df84.dir/CMakeCCompilerABI.c.obj' '-c' '-march=rv64imafdc' '-mabi=lp64d' '-march=rv64imafdc'
[2/2] Linking C static library libcmTC_1df84.a



Parsed C implicit include dir info from above output: rv=done
  found start of include info
  found start of implicit include info
    add: [/home/zarko/riscv64-unknown-elf-toolchain-10.2.0-2020.12.8-x86_64-linux-ubuntu14/bin/../lib/gcc/riscv64-unknown-elf/10.2.0/include]
    add: [/home/zarko/riscv64-unknown-elf-toolchain-10.2.0-2020.12.8-x86_64-linux-ubuntu14/bin/../lib/gcc/riscv64-unknown-elf/10.2.0/include-fixed]
    add: [/home/zarko/riscv64-unknown-elf-toolchain-10.2.0-2020.12.8-x86_64-linux-ubuntu14/bin/../lib/gcc/riscv64-unknown-elf/10.2.0/../../../../riscv64-unknown-elf/include]
  end of search list found
  collapse include dir [/home/zarko/riscv64-unknown-elf-toolchain-10.2.0-2020.12.8-x86_64-linux-ubuntu14/bin/../lib/gcc/riscv64-unknown-elf/10.2.0/include] ==> [/home/zarko/riscv64-unknown-elf-toolchain-10.2.0-2020.12.8-x86_64-linux-ubuntu14/lib/gcc/riscv64-unknown-elf/10.2.0/include]
  collapse include dir [/home/zarko/riscv64-unknown-elf-toolchain-10.2.0-2020.12.8-x86_64-linux-ubuntu14/bin/../lib/gcc/riscv64-unknown-elf/10.2.0/include-fixed] ==> [/home/zarko/riscv64-unknown-elf-toolchain-10.2.0-2020.12.8-x86_64-linux-ubuntu14/lib/gcc/riscv64-unknown-elf/10.2.0/include-fixed]
  collapse include dir [/home/zarko/riscv64-unknown-elf-toolchain-10.2.0-2020.12.8-x86_64-linux-ubuntu14/bin/../lib/gcc/riscv64-unknown-elf/10.2.0/../../../../riscv64-unknown-elf/include] ==> [/home/zarko/riscv64-unknown-elf-toolchain-10.2.0-2020.12.8-x86_64-linux-ubuntu14/riscv64-unknown-elf/include]
  implicit include dirs: [/home/zarko/riscv64-unknown-elf-toolchain-10.2.0-2020.12.8-x86_64-linux-ubuntu14/lib/gcc/riscv64-unknown-elf/10.2.0/include;/home/zarko/riscv64-unknown-elf-toolchain-10.2.0-2020.12.8-x86_64-linux-ubuntu14/lib/gcc/riscv64-unknown-elf/10.2.0/include-fixed;/home/zarko/riscv64-unknown-elf-toolchain-10.2.0-2020.12.8-x86_64-linux-ubuntu14/riscv64-unknown-elf/include]


Parsed C implicit link information from above output:
  link line regex: [^( *|.*[/\])(riscv64-unknown-elf-ld|CMAKE_LINK_STARTFILE-NOTFOUND|([^/\]+-)?ld|collect2)[^/\]*( |$)]
  ignore line: [Change Dir: /home/zarko/Desktop/projects/riscv-freertos/build/CMakeFiles/CMakeTmp]
  ignore line: []
  ignore line: [Run Build Command(s):/usr/bin/ninja cmTC_1df84 && [1/2] Building C object CMakeFiles/cmTC_1df84.dir/CMakeCCompilerABI.c.obj]
  ignore line: [Using built-in specs.]
  ignore line: [COLLECT_GCC=/home/zarko/riscv64-unknown-elf-toolchain-10.2.0-2020.12.8-x86_64-linux-ubuntu14/bin/riscv64-unknown-elf-gcc]
  ignore line: [Target: riscv64-unknown-elf]
  ignore line: [Configured with: /scratch/jenkins/workspace/tpp-freedom-tools/tpp03--build-binary-packages--parameterized/obj/x86_64-linux-ubuntu14/build/riscv64-unknown-elf-gcc/riscv-gcc/configure --target=riscv64-unknown-elf --host=x86_64-linux-gnu --prefix=/scratch/jenkins/workspace/tpp-freedom-tools/tpp03--build-binary-packages--parameterized/obj/x86_64-linux-ubuntu14/install/riscv64-unknown-elf-gcc-10.2.0-2020.12.8-x86_64-linux-ubuntu14 --with-pkgversion='SiFive GCC-Metal 10.2.0-2020.12.8' --with-bugurl=https://github.com/sifive/freedom-tools/issues --disable-shared --disable-threads --enable-languages=c c++ --enable-tls --with-newlib --with-sysroot=/scratch/jenkins/workspace/tpp-freedom-tools/tpp03--build-binary-packages--parameterized/obj/x86_64-linux-ubuntu14/install/riscv64-unknown-elf-gcc-10.2.0-2020.12.8-x86_64-linux-ubuntu14/riscv64-unknown-elf --with-native-system-header-dir=/include --disable-libmudflap --disable-libssp --disable-libquadmath --disable-libgomp --disable-nls --disable-tm-clone-registry --src=../riscv-gcc --with-system-zlib --enable-checking=yes --enable-multilib --with-abi=lp64d --with-arch=rv64imafdc CFLAGS=-O2 CXXFLAGS=-O2 'CFLAGS_FOR_TARGET=-Os -mcmodel=medany' 'CXXFLAGS_FOR_TARGET=-Os -mcmodel=medany']
  ignore line: [Thread model: single]
  ignore line: [Supported LTO compression algorithms: zlib]
  ignore line: [gcc version 10.2.0 (SiFive GCC-Metal 10.2.0-2020.12.8) ]
  ignore line: [COLLECT_GCC_OPTIONS='-D' 'DEBUG' '-D' 'D_CLOCK_RATE=50000000' '-D' 'D_EXT_INTERRUPT_FIRST_SOURCE_USED=0' '-D' 'D_EXT_INTERRUPT_LAST_SOURCE_USED=255' '-D' 'D_EXT_INTS_GENERATION_REG_ADDRESS=0x8000100B' '-D' 'D_ISR_STACK_SIZE=400' '-D' 'D_MTIMECMP_ADDRESS=0x80001028' '-D' 'D_MTIME_ADDRESS=0x80001020' '-D' 'D_NEXYS_A7' '-D' 'D_NMI_VEC_ADDRESSS=0x8000100C' '-D' 'D_PIC_BASE_ADDRESS=0xF00C0000' '-D' 'D_PIC_NUM_OF_EXT_INTERRUPTS=256' '-D' 'D_SWERV_EH1' '-D' 'D_TICK_TIME_MS=4' '-D' 'D_TIMER_ACTIVATION_ADDRESS=0x80001034' '-D' 'D_TIMER_DURATION_SETUP_ADDRESS=0x80001030' '-D' '__riscv_xlen=32' '-Wall' '-Wextra' '-Wpedantic' '-Wno-unused-parameter' '-Og' '-g3' '-ggdb' '-v' '-std=gnu11' '-o' 'CMakeFiles/cmTC_1df84.dir/CMakeCCompilerABI.c.obj' '-c' '-march=rv64imafdc' '-mabi=lp64d' '-march=rv64imafdc']
  ignore line: [ /home/zarko/riscv64-unknown-elf-toolchain-10.2.0-2020.12.8-x86_64-linux-ubuntu14/bin/../libexec/gcc/riscv64-unknown-elf/10.2.0/cc1 -quiet -v -imultilib rv64imafdc/lp64d -iprefix /home/zarko/riscv64-unknown-elf-toolchain-10.2.0-2020.12.8-x86_64-linux-ubuntu14/bin/../lib/gcc/riscv64-unknown-elf/10.2.0/ -isysroot /home/zarko/riscv64-unknown-elf-toolchain-10.2.0-2020.12.8-x86_64-linux-ubuntu14/bin/../riscv64-unknown-elf -dD -D DEBUG -D D_CLOCK_RATE=50000000 -D D_EXT_INTERRUPT_FIRST_SOURCE_USED=0 -D D_EXT_INTERRUPT_LAST_SOURCE_USED=255 -D D_EXT_INTS_GENERATION_REG_ADDRESS=0x8000100B -D D_ISR_STACK_SIZE=400 -D D_MTIMECMP_ADDRESS=0x80001028 -D D_MTIME_ADDRESS=0x80001020 -D D_NEXYS_A7 -D D_NMI_VEC_ADDRESSS=0x8000100C -D D_PIC_BASE_ADDRESS=0xF00C0000 -D D_PIC_NUM_OF_EXT_INTERRUPTS=256 -D D_SWERV_EH1 -D D_TICK_TIME_MS=4 -D D_TIMER_ACTIVATION_ADDRESS=0x80001034 -D D_TIMER_DURATION_SETUP_ADDRESS=0x80001030 -D __riscv_xlen=32 /usr/share/cmake-3.22/Modules/CMakeCCompilerABI.c -quiet -dumpbase CMakeCCompilerABI.c -march=rv64imafdc -mabi=lp64d -march=rv64imafdc -auxbase-strip CMakeFiles/cmTC_1df84.dir/CMakeCCompilerABI.c.obj -g3 -ggdb -Og -Wall -Wextra -Wpedantic -Wno-unused-parameter -std=gnu11 -version -o /tmp/ccLcgWaj.s]
  ignore line: [GNU C11 (SiFive GCC-Metal 10.2.0-2020.12.8) version 10.2.0 (riscv64-unknown-elf)]
  ignore line: [	compiled by GNU C version 5.4.0 20160609  GMP version 6.1.0  MPFR version 3.1.4  MPC version 1.0.3  isl version isl-0.18-GMP]
  ignore line: []
  ignore line: [GGC heuristics: --param ggc-min-expand=30 --param ggc-min-heapsize=4096]
  ignore line: [ignoring duplicate directory "/home/zarko/riscv64-unknown-elf-toolchain-10.2.0-2020.12.8-x86_64-linux-ubuntu14/bin/../lib/gcc/../../lib/gcc/riscv64-unknown-elf/10.2.0/include"]
  ignore line: [ignoring nonexistent directory "/home/zarko/riscv64-unknown-elf-toolchain-10.2.0-2020.12.8-x86_64-linux-ubuntu14/bin/../riscv64-unknown-elf/usr/local/include"]
  ignore line: [ignoring duplicate directory "/home/zarko/riscv64-unknown-elf-toolchain-10.2.0-2020.12.8-x86_64-linux-ubuntu14/bin/../lib/gcc/../../lib/gcc/riscv64-unknown-elf/10.2.0/include-fixed"]
  ignore line: [ignoring duplicate directory "/home/zarko/riscv64-unknown-elf-toolchain-10.2.0-2020.12.8-x86_64-linux-ubuntu14/bin/../lib/gcc/../../lib/gcc/riscv64-unknown-elf/10.2.0/../../../../riscv64-unknown-elf/include"]
  ignore line: [ignoring duplicate directory "/home/zarko/riscv64-unknown-elf-toolchain-10.2.0-2020.12.8-x86_64-linux-ubuntu14/bin/../riscv64-unknown-elf/include"]
  ignore line: [#include "..." search starts here:]
  ignore line: [#include <...> search starts here:]
  ignore line: [ /home/zarko/riscv64-unknown-elf-toolchain-10.2.0-2020.12.8-x86_64-linux-ubuntu14/bin/../lib/gcc/riscv64-unknown-elf/10.2.0/include]
  ignore line: [ /home/zarko/riscv64-unknown-elf-toolchain-10.2.0-2020.12.8-x86_64-linux-ubuntu14/bin/../lib/gcc/riscv64-unknown-elf/10.2.0/include-fixed]
  ignore line: [ /home/zarko/riscv64-unknown-elf-toolchain-10.2.0-2020.12.8-x86_64-linux-ubuntu14/bin/../lib/gcc/riscv64-unknown-elf/10.2.0/../../../../riscv64-unknown-elf/include]
  ignore line: [End of search list.]
  ignore line: [GNU C11 (SiFive GCC-Metal 10.2.0-2020.12.8) version 10.2.0 (riscv64-unknown-elf)]
  ignore line: [	compiled by GNU C version 5.4.0 20160609  GMP version 6.1.0  MPFR version 3.1.4  MPC version 1.0.3  isl version isl-0.18-GMP]
  ignore line: []
  ignore line: [GGC heuristics: --param ggc-min-expand=30 --param ggc-min-heapsize=4096]
  ignore line: [Compiler executable checksum: 60d252ed314f9b710cd503352129ad1f]
  ignore line: [<command-line>: warning: "__riscv_xlen" redefined]
  ignore line: [<built-in>: note: this is the location of the previous definition]
  ignore line: [COLLECT_GCC_OPTIONS='-D' 'DEBUG' '-D' 'D_CLOCK_RATE=50000000' '-D' 'D_EXT_INTERRUPT_FIRST_SOURCE_USED=0' '-D' 'D_EXT_INTERRUPT_LAST_SOURCE_USED=255' '-D' 'D_EXT_INTS_GENERATION_REG_ADDRESS=0x8000100B' '-D' 'D_ISR_STACK_SIZE=400' '-D' 'D_MTIMECMP_ADDRESS=0x80001028' '-D' 'D_MTIME_ADDRESS=0x80001020' '-D' 'D_NEXYS_A7' '-D' 'D_NMI_VEC_ADDRESSS=0x8000100C' '-D' 'D_PIC_BASE_ADDRESS=0xF00C0000' '-D' 'D_PIC_NUM_OF_EXT_INTERRUPTS=256' '-D' 'D_SWERV_EH1' '-D' 'D_TICK_TIME_MS=4' '-D' 'D_TIMER_ACTIVATION_ADDRESS=0x80001034' '-D' 'D_TIMER_DURATION_SETUP_ADDRESS=0x80001030' '-D' '__riscv_xlen=32' '-Wall' '-Wextra' '-Wpedantic' '-Wno-unused-parameter' '-Og' '-g3' '-ggdb' '-v' '-std=gnu11' '-o' 'CMakeFiles/cmTC_1df84.dir/CMakeCCompilerABI.c.obj' '-c' '-march=rv64imafdc' '-mabi=lp64d' '-march=rv64imafdc']
  ignore line: [ /home/zarko/riscv64-unknown-elf-toolchain-10.2.0-2020.12.8-x86_64-linux-ubuntu14/bin/../lib/gcc/riscv64-unknown-elf/10.2.0/../../../../riscv64-unknown-elf/bin/as -v --traditional-format -march=rv64imafdc -march=rv64imafdc -mabi=lp64d -o CMakeFiles/cmTC_1df84.dir/CMakeCCompilerABI.c.obj /tmp/ccLcgWaj.s]
  ignore line: [GNU assembler version 2.35 (riscv64-unknown-elf) using BFD version (SiFive Binutils-Metal 2.35.0-2020.12.8) 2.35]
  ignore line: [COMPILER_PATH=/home/zarko/riscv64-unknown-elf-toolchain-10.2.0-2020.12.8-x86_64-linux-ubuntu14/bin/../libexec/gcc/riscv64-unknown-elf/10.2.0/:/home/zarko/riscv64-unknown-elf-toolchain-10.2.0-2020.12.8-x86_64-linux-ubuntu14/bin/../libexec/gcc/:/home/zarko/riscv64-unknown-elf-toolchain-10.2.0-2020.12.8-x86_64-linux-ubuntu14/bin/../lib/gcc/riscv64-unknown-elf/10.2.0/../../../../riscv64-unknown-elf/bin/]
  ignore line: [LIBRARY_PATH=/home/zarko/riscv64-unknown-elf-toolchain-10.2.0-2020.12.8-x86_64-linux-ubuntu14/bin/../lib/gcc/riscv64-unknown-elf/10.2.0/rv64imafdc/lp64d/:/home/zarko/riscv64-unknown-elf-toolchain-10.2.0-2020.12.8-x86_64-linux-ubuntu14/bin/../lib/gcc/riscv64-unknown-elf/10.2.0/../../../../riscv64-unknown-elf/lib/rv64imafdc/lp64d/:/home/zarko/riscv64-unknown-elf-toolchain-10.2.0-2020.12.8-x86_64-linux-ubuntu14/bin/../riscv64-unknown-elf/lib/rv64imafdc/lp64d/:/home/zarko/riscv64-unknown-elf-toolchain-10.2.0-2020.12.8-x86_64-linux-ubuntu14/bin/../lib/gcc/riscv64-unknown-elf/10.2.0/:/home/zarko/riscv64-unknown-elf-toolchain-10.2.0-2020.12.8-x86_64-linux-ubuntu14/bin/../lib/gcc/:/home/zarko/riscv64-unknown-elf-toolchain-10.2.0-2020.12.8-x86_64-linux-ubuntu14/bin/../lib/gcc/riscv64-unknown-elf/10.2.0/../../../../riscv64-unknown-elf/lib/:/home/zarko/riscv64-unknown-elf-toolchain-10.2.0-2020.12.8-x86_64-linux-ubuntu14/bin/../riscv64-unknown-elf/lib/]
  ignore line: [COLLECT_GCC_OPTIONS='-D' 'DEBUG' '-D' 'D_CLOCK_RATE=50000000' '-D' 'D_EXT_INTERRUPT_FIRST_SOURCE_USED=0' '-D' 'D_EXT_INTERRUPT_LAST_SOURCE_USED=255' '-D' 'D_EXT_INTS_GENERATION_REG_ADDRESS=0x8000100B' '-D' 'D_ISR_STACK_SIZE=400' '-D' 'D_MTIMECMP_ADDRESS=0x80001028' '-D' 'D_MTIME_ADDRESS=0x80001020' '-D' 'D_NEXYS_A7' '-D' 'D_NMI_VEC_ADDRESSS=0x8000100C' '-D' 'D_PIC_BASE_ADDRESS=0xF00C0000' '-D' 'D_PIC_NUM_OF_EXT_INTERRUPTS=256' '-D' 'D_SWERV_EH1' '-D' 'D_TICK_TIME_MS=4' '-D' 'D_TIMER_ACTIVATION_ADDRESS=0x80001034' '-D' 'D_TIMER_DURATION_SETUP_ADDRESS=0x80001030' '-D' '__riscv_xlen=32' '-Wall' '-Wextra' '-Wpedantic' '-Wno-unused-parameter' '-Og' '-g3' '-ggdb' '-v' '-std=gnu11' '-o' 'CMakeFiles/cmTC_1df84.dir/CMakeCCompilerABI.c.obj' '-c' '-march=rv64imafdc' '-mabi=lp64d' '-march=rv64imafdc']
  ignore line: [[2/2] Linking C static library libcmTC_1df84.a]
  ignore line: []
  ignore line: []
  implicit libs: []
  implicit objs: []
  implicit dirs: []
  implicit fwks: []


Detecting CXX compiler ABI info compiled with the following output:
Change Dir: /home/zarko/Desktop/projects/riscv-freertos/build/CMakeFiles/CMakeTmp

Run Build Command(s):/usr/bin/ninja cmTC_7f972 && [1/2] Building CXX object CMakeFiles/cmTC_7f972.dir/CMakeCXXCompilerABI.cpp.obj
Using built-in specs.
COLLECT_GCC=/home/zarko/riscv64-unknown-elf-toolchain-10.2.0-2020.12.8-x86_64-linux-ubuntu14/bin/riscv64-unknown-elf-g++
Target: riscv64-unknown-elf
Configured with: /scratch/jenkins/workspace/tpp-freedom-tools/tpp03--build-binary-packages--parameterized/obj/x86_64-linux-ubuntu14/build/riscv64-unknown-elf-gcc/riscv-gcc/configure --target=riscv64-unknown-elf --host=x86_64-linux-gnu --prefix=/scratch/jenkins/workspace/tpp-freedom-tools/tpp03--build-binary-packages--parameterized/obj/x86_64-linux-ubuntu14/install/riscv64-unknown-elf-gcc-10.2.0-2020.12.8-x86_64-linux-ubuntu14 --with-pkgversion='SiFive GCC-Metal 10.2.0-2020.12.8' --with-bugurl=https://github.com/sifive/freedom-tools/issues --disable-shared --disable-threads --enable-languages=c,c++ --enable-tls --with-newlib --with-sysroot=/scratch/jenkins/workspace/tpp-freedom-tools/tpp03--build-binary-packages--parameterized/obj/x86_64-linux-ubuntu14/install/riscv64-unknown-elf-gcc-10.2.0-2020.12.8-x86_64-linux-ubuntu14/riscv64-unknown-elf --with-native-system-header-dir=/include --disable-libmudflap --disable-libssp --disable-libquadmath --disable-libgomp --disable-nls --disable-tm-clone-registry --src=../riscv-gcc --with-system-zlib --enable-checking=yes --enable-multilib --with-abi=lp64d --with-arch=rv64imafdc CFLAGS=-O2 CXXFLAGS=-O2 'CFLAGS_FOR_TARGET=-Os -mcmodel=medany' 'CXXFLAGS_FOR_TARGET=-Os -mcmodel=medany'
Thread model: single
Supported LTO compression algorithms: zlib
gcc version 10.2.0 (SiFive GCC-Metal 10.2.0-2020.12.8) 
COLLECT_GCC_OPTIONS='-march=rv32imac' '-mabi=ilp32' '-fdata-sections' '-ffunction-sections' '-D' 'DEBUG' '-D' 'D_CLOCK_RATE=50000000' '-D' 'D_EXT_INTERRUPT_FIRST_SOURCE_USED=0' '-D' 'D_EXT_INTERRUPT_LAST_SOURCE_USED=255' '-D' 'D_EXT_INTS_GENERATION_REG_ADDRESS=0x8000100B' '-D' 'D_ISR_STACK_SIZE=400' '-D' 'D_MTIMECMP_ADDRESS=0x80001028' '-D' 'D_MTIME_ADDRESS=0x80001020' '-D' 'D_NEXYS_A7' '-D' 'D_NMI_VEC_ADDRESSS=0x8000100C' '-D' 'D_PIC_BASE_ADDRESS=0xF00C0000' '-D' 'D_PIC_NUM_OF_EXT_INTERRUPTS=256' '-D' 'D_SWERV_EH1' '-D' 'D_TICK_TIME_MS=4' '-D' 'D_TIMER_ACTIVATION_ADDRESS=0x80001034' '-D' 'D_TIMER_DURATION_SETUP_ADDRESS=0x80001030' '-D' '__riscv_xlen=32' '-fno-rtti' '-fno-exceptions' '-fno-threadsafe-statics' '-v' '-std=gnu++2a' '-o' 'CMakeFiles/cmTC_7f972.dir/CMakeCXXCompilerABI.cpp.obj' '-c' '-march=rv32imac'
 /home/zarko/riscv64-unknown-elf-toolchain-10.2.0-2020.12.8-x86_64-linux-ubuntu14/bin/../libexec/gcc/riscv64-unknown-elf/10.2.0/cc1plus -quiet -v -imultilib rv32imac/ilp32 -iprefix /home/zarko/riscv64-unknown-elf-toolchain-10.2.0-2020.12.8-x86_64-linux-ubuntu14/bin/../lib/gcc/riscv64-unknown-elf/10.2.0/ -isysroot /home/zarko/riscv64-unknown-elf-toolchain-10.2.0-2020.12.8-x86_64-linux-ubuntu14/bin/../riscv64-unknown-elf -D DEBUG -D D_CLOCK_RATE=50000000 -D D_EXT_INTERRUPT_FIRST_SOURCE_USED=0 -D D_EXT_INTERRUPT_LAST_SOURCE_USED=255 -D D_EXT_INTS_GENERATION_REG_ADDRESS=0x8000100B -D D_ISR_STACK_SIZE=400 -D D_MTIMECMP_ADDRESS=0x80001028 -D D_MTIME_ADDRESS=0x80001020 -D D_NEXYS_A7 -D D_NMI_VEC_ADDRESSS=0x8000100C -D D_PIC_BASE_ADDRESS=0xF00C0000 -D D_PIC_NUM_OF_EXT_INTERRUPTS=256 -D D_SWERV_EH1 -D D_TICK_TIME_MS=4 -D D_TIMER_ACTIVATION_ADDRESS=0x80001034 -D D_TIMER_DURATION_SETUP_ADDRESS=0x80001030 -D __riscv_xlen=32 /usr/share/cmake-3.22/Modules/CMakeCXXCompilerABI.cpp -quiet -dumpbase CMakeCXXCompilerABI.cpp -march=rv32imac -mabi=ilp32 -march=rv32imac -auxbase-strip CMakeFiles/cmTC_7f972.dir/CMakeCXXCompilerABI.cpp.obj -std=gnu++2a -version -fdata-sections -ffunction-sections -fno-rtti -fno-exceptions -fno-threadsafe-statics -o /tmp/ccJhbEME.s
GNU C++17 (SiFive GCC-Metal 10.2.0-2020.12.8) version 10.2.0 (riscv64-unknown-elf)
	compiled by GNU C version 5.4.0 20160609, GMP version 6.1.0, MPFR version 3.1.4, MPC version 1.0.3, isl version isl-0.18-GMP

GGC heuristics: --param ggc-min-expand=30 --param ggc-min-heapsize=4096
ignoring duplicate directory "/home/zarko/riscv64-unknown-elf-toolchain-10.2.0-2020.12.8-x86_64-linux-ubuntu14/bin/../lib/gcc/../../lib/gcc/riscv64-unknown-elf/10.2.0/../../../../riscv64-unknown-elf/include/c++/10.2.0"
ignoring duplicate directory "/home/zarko/riscv64-unknown-elf-toolchain-10.2.0-2020.12.8-x86_64-linux-ubuntu14/bin/../lib/gcc/../../lib/gcc/riscv64-unknown-elf/10.2.0/../../../../riscv64-unknown-elf/include/c++/10.2.0/riscv64-unknown-elf/rv32imac/ilp32"
ignoring duplicate directory "/home/zarko/riscv64-unknown-elf-toolchain-10.2.0-2020.12.8-x86_64-linux-ubuntu14/bin/../lib/gcc/../../lib/gcc/riscv64-unknown-elf/10.2.0/../../../../riscv64-unknown-elf/include/c++/10.2.0/backward"
ignoring duplicate directory "/home/zarko/riscv64-unknown-elf-toolchain-10.2.0-2020.12.8-x86_64-linux-ubuntu14/bin/../lib/gcc/../../lib/gcc/riscv64-unknown-elf/10.2.0/include"
ignoring nonexistent directory "/home/zarko/riscv64-unknown-elf-toolchain-10.2.0-2020.12.8-x86_64-linux-ubuntu14/bin/../riscv64-unknown-elf/usr/local/include"
ignoring duplicate directory "/home/zarko/riscv64-unknown-elf-toolchain-10.2.0-2020.12.8-x86_64-linux-ubuntu14/bin/../lib/gcc/../../lib/gcc/riscv64-unknown-elf/10.2.0/include-fixed"
ignoring duplicate directory "/home/zarko/riscv64-unknown-elf-toolchain-10.2.0-2020.12.8-x86_64-linux-ubuntu14/bin/../lib/gcc/../../lib/gcc/riscv64-unknown-elf/10.2.0/../../../../riscv64-unknown-elf/include"
ignoring duplicate directory "/home/zarko/riscv64-unknown-elf-toolchain-10.2.0-2020.12.8-x86_64-linux-ubuntu14/bin/../riscv64-unknown-elf/include"
#include "..." search starts here:
#include <...> search starts here:
 /home/zarko/riscv64-unknown-elf-toolchain-10.2.0-2020.12.8-x86_64-linux-ubuntu14/bin/../lib/gcc/riscv64-unknown-elf/10.2.0/../../../../riscv64-unknown-elf/include/c++/10.2.0
 /home/zarko/riscv64-unknown-elf-toolchain-10.2.0-2020.12.8-x86_64-linux-ubuntu14/bin/../lib/gcc/riscv64-unknown-elf/10.2.0/../../../../riscv64-unknown-elf/include/c++/10.2.0/riscv64-unknown-elf/rv32imac/ilp32
 /home/zarko/riscv64-unknown-elf-toolchain-10.2.0-2020.12.8-x86_64-linux-ubuntu14/bin/../lib/gcc/riscv64-unknown-elf/10.2.0/../../../../riscv64-unknown-elf/include/c++/10.2.0/backward
 /home/zarko/riscv64-unknown-elf-toolchain-10.2.0-2020.12.8-x86_64-linux-ubuntu14/bin/../lib/gcc/riscv64-unknown-elf/10.2.0/include
 /home/zarko/riscv64-unknown-elf-toolchain-10.2.0-2020.12.8-x86_64-linux-ubuntu14/bin/../lib/gcc/riscv64-unknown-elf/10.2.0/include-fixed
 /home/zarko/riscv64-unknown-elf-toolchain-10.2.0-2020.12.8-x86_64-linux-ubuntu14/bin/../lib/gcc/riscv64-unknown-elf/10.2.0/../../../../riscv64-unknown-elf/include
End of search list.
GNU C++17 (SiFive GCC-Metal 10.2.0-2020.12.8) version 10.2.0 (riscv64-unknown-elf)
	compiled by GNU C version 5.4.0 20160609, GMP version 6.1.0, MPFR version 3.1.4, MPC version 1.0.3, isl version isl-0.18-GMP

GGC heuristics: --param ggc-min-expand=30 --param ggc-min-heapsize=4096
Compiler executable checksum: 791c50c20806655646fdbfc3c3b338d7
COLLECT_GCC_OPTIONS='-march=rv32imac' '-mabi=ilp32' '-fdata-sections' '-ffunction-sections' '-D' 'DEBUG' '-D' 'D_CLOCK_RATE=50000000' '-D' 'D_EXT_INTERRUPT_FIRST_SOURCE_USED=0' '-D' 'D_EXT_INTERRUPT_LAST_SOURCE_USED=255' '-D' 'D_EXT_INTS_GENERATION_REG_ADDRESS=0x8000100B' '-D' 'D_ISR_STACK_SIZE=400' '-D' 'D_MTIMECMP_ADDRESS=0x80001028' '-D' 'D_MTIME_ADDRESS=0x80001020' '-D' 'D_NEXYS_A7' '-D' 'D_NMI_VEC_ADDRESSS=0x8000100C' '-D' 'D_PIC_BASE_ADDRESS=0xF00C0000' '-D' 'D_PIC_NUM_OF_EXT_INTERRUPTS=256' '-D' 'D_SWERV_EH1' '-D' 'D_TICK_TIME_MS=4' '-D' 'D_TIMER_ACTIVATION_ADDRESS=0x80001034' '-D' 'D_TIMER_DURATION_SETUP_ADDRESS=0x80001030' '-D' '__riscv_xlen=32' '-fno-rtti' '-fno-exceptions' '-fno-threadsafe-statics' '-v' '-std=gnu++2a' '-o' 'CMakeFiles/cmTC_7f972.dir/CMakeCXXCompilerABI.cpp.obj' '-c' '-march=rv32imac'
 /home/zarko/riscv64-unknown-elf-toolchain-10.2.0-2020.12.8-x86_64-linux-ubuntu14/bin/../lib/gcc/riscv64-unknown-elf/10.2.0/../../../../riscv64-unknown-elf/bin/as -v --traditional-format -march=rv32imac -march=rv32imac -mabi=ilp32 -o CMakeFiles/cmTC_7f972.dir/CMakeCXXCompilerABI.cpp.obj /tmp/ccJhbEME.s
GNU assembler version 2.35 (riscv64-unknown-elf) using BFD version (SiFive Binutils-Metal 2.35.0-2020.12.8) 2.35
COMPILER_PATH=/home/zarko/riscv64-unknown-elf-toolchain-10.2.0-2020.12.8-x86_64-linux-ubuntu14/bin/../libexec/gcc/riscv64-unknown-elf/10.2.0/:/home/zarko/riscv64-unknown-elf-toolchain-10.2.0-2020.12.8-x86_64-linux-ubuntu14/bin/../libexec/gcc/:/home/zarko/riscv64-unknown-elf-toolchain-10.2.0-2020.12.8-x86_64-linux-ubuntu14/bin/../lib/gcc/riscv64-unknown-elf/10.2.0/../../../../riscv64-unknown-elf/bin/
LIBRARY_PATH=/home/zarko/riscv64-unknown-elf-toolchain-10.2.0-2020.12.8-x86_64-linux-ubuntu14/bin/../lib/gcc/riscv64-unknown-elf/10.2.0/rv32imac/ilp32/:/home/zarko/riscv64-unknown-elf-toolchain-10.2.0-2020.12.8-x86_64-linux-ubuntu14/bin/../lib/gcc/riscv64-unknown-elf/10.2.0/../../../../riscv64-unknown-elf/lib/rv32imac/ilp32/:/home/zarko/riscv64-unknown-elf-toolchain-10.2.0-2020.12.8-x86_64-linux-ubuntu14/bin/../riscv64-unknown-elf/lib/rv32imac/ilp32/:/home/zarko/riscv64-unknown-elf-toolchain-10.2.0-2020.12.8-x86_64-linux-ubuntu14/bin/../lib/gcc/riscv64-unknown-elf/10.2.0/:/home/zarko/riscv64-unknown-elf-toolchain-10.2.0-2020.12.8-x86_64-linux-ubuntu14/bin/../lib/gcc/:/home/zarko/riscv64-unknown-elf-toolchain-10.2.0-2020.12.8-x86_64-linux-ubuntu14/bin/../lib/gcc/riscv64-unknown-elf/10.2.0/../../../../riscv64-unknown-elf/lib/:/home/zarko/riscv64-unknown-elf-toolchain-10.2.0-2020.12.8-x86_64-linux-ubuntu14/bin/../riscv64-unknown-elf/lib/
COLLECT_GCC_OPTIONS='-march=rv32imac' '-mabi=ilp32' '-fdata-sections' '-ffunction-sections' '-D' 'DEBUG' '-D' 'D_CLOCK_RATE=50000000' '-D' 'D_EXT_INTERRUPT_FIRST_SOURCE_USED=0' '-D' 'D_EXT_INTERRUPT_LAST_SOURCE_USED=255' '-D' 'D_EXT_INTS_GENERATION_REG_ADDRESS=0x8000100B' '-D' 'D_ISR_STACK_SIZE=400' '-D' 'D_MTIMECMP_ADDRESS=0x80001028' '-D' 'D_MTIME_ADDRESS=0x80001020' '-D' 'D_NEXYS_A7' '-D' 'D_NMI_VEC_ADDRESSS=0x8000100C' '-D' 'D_PIC_BASE_ADDRESS=0xF00C0000' '-D' 'D_PIC_NUM_OF_EXT_INTERRUPTS=256' '-D' 'D_SWERV_EH1' '-D' 'D_TICK_TIME_MS=4' '-D' 'D_TIMER_ACTIVATION_ADDRESS=0x80001034' '-D' 'D_TIMER_DURATION_SETUP_ADDRESS=0x80001030' '-D' '__riscv_xlen=32' '-fno-rtti' '-fno-exceptions' '-fno-threadsafe-statics' '-v' '-std=gnu++2a' '-o' 'CMakeFiles/cmTC_7f972.dir/CMakeCXXCompilerABI.cpp.obj' '-c' '-march=rv32imac'
[2/2] Linking CXX static library libcmTC_7f972.a



Parsed CXX implicit include dir info from above output: rv=done
  found start of include info
  found start of implicit include info
    add: [/home/zarko/riscv64-unknown-elf-toolchain-10.2.0-2020.12.8-x86_64-linux-ubuntu14/bin/../lib/gcc/riscv64-unknown-elf/10.2.0/../../../../riscv64-unknown-elf/include/c++/10.2.0]
    add: [/home/zarko/riscv64-unknown-elf-toolchain-10.2.0-2020.12.8-x86_64-linux-ubuntu14/bin/../lib/gcc/riscv64-unknown-elf/10.2.0/../../../../riscv64-unknown-elf/include/c++/10.2.0/riscv64-unknown-elf/rv32imac/ilp32]
    add: [/home/zarko/riscv64-unknown-elf-toolchain-10.2.0-2020.12.8-x86_64-linux-ubuntu14/bin/../lib/gcc/riscv64-unknown-elf/10.2.0/../../../../riscv64-unknown-elf/include/c++/10.2.0/backward]
    add: [/home/zarko/riscv64-unknown-elf-toolchain-10.2.0-2020.12.8-x86_64-linux-ubuntu14/bin/../lib/gcc/riscv64-unknown-elf/10.2.0/include]
    add: [/home/zarko/riscv64-unknown-elf-toolchain-10.2.0-2020.12.8-x86_64-linux-ubuntu14/bin/../lib/gcc/riscv64-unknown-elf/10.2.0/include-fixed]
    add: [/home/zarko/riscv64-unknown-elf-toolchain-10.2.0-2020.12.8-x86_64-linux-ubuntu14/bin/../lib/gcc/riscv64-unknown-elf/10.2.0/../../../../riscv64-unknown-elf/include]
  end of search list found
  collapse include dir [/home/zarko/riscv64-unknown-elf-toolchain-10.2.0-2020.12.8-x86_64-linux-ubuntu14/bin/../lib/gcc/riscv64-unknown-elf/10.2.0/../../../../riscv64-unknown-elf/include/c++/10.2.0] ==> [/home/zarko/riscv64-unknown-elf-toolchain-10.2.0-2020.12.8-x86_64-linux-ubuntu14/riscv64-unknown-elf/include/c++/10.2.0]
  collapse include dir [/home/zarko/riscv64-unknown-elf-toolchain-10.2.0-2020.12.8-x86_64-linux-ubuntu14/bin/../lib/gcc/riscv64-unknown-elf/10.2.0/../../../../riscv64-unknown-elf/include/c++/10.2.0/riscv64-unknown-elf/rv32imac/ilp32] ==> [/home/zarko/riscv64-unknown-elf-toolchain-10.2.0-2020.12.8-x86_64-linux-ubuntu14/riscv64-unknown-elf/include/c++/10.2.0/riscv64-unknown-elf/rv32imac/ilp32]
  collapse include dir [/home/zarko/riscv64-unknown-elf-toolchain-10.2.0-2020.12.8-x86_64-linux-ubuntu14/bin/../lib/gcc/riscv64-unknown-elf/10.2.0/../../../../riscv64-unknown-elf/include/c++/10.2.0/backward] ==> [/home/zarko/riscv64-unknown-elf-toolchain-10.2.0-2020.12.8-x86_64-linux-ubuntu14/riscv64-unknown-elf/include/c++/10.2.0/backward]
  collapse include dir [/home/zarko/riscv64-unknown-elf-toolchain-10.2.0-2020.12.8-x86_64-linux-ubuntu14/bin/../lib/gcc/riscv64-unknown-elf/10.2.0/include] ==> [/home/zarko/riscv64-unknown-elf-toolchain-10.2.0-2020.12.8-x86_64-linux-ubuntu14/lib/gcc/riscv64-unknown-elf/10.2.0/include]
  collapse include dir [/home/zarko/riscv64-unknown-elf-toolchain-10.2.0-2020.12.8-x86_64-linux-ubuntu14/bin/../lib/gcc/riscv64-unknown-elf/10.2.0/include-fixed] ==> [/home/zarko/riscv64-unknown-elf-toolchain-10.2.0-2020.12.8-x86_64-linux-ubuntu14/lib/gcc/riscv64-unknown-elf/10.2.0/include-fixed]
  collapse include dir [/home/zarko/riscv64-unknown-elf-toolchain-10.2.0-2020.12.8-x86_64-linux-ubuntu14/bin/../lib/gcc/riscv64-unknown-elf/10.2.0/../../../../riscv64-unknown-elf/include] ==> [/home/zarko/riscv64-unknown-elf-toolchain-10.2.0-2020.12.8-x86_64-linux-ubuntu14/riscv64-unknown-elf/include]
  implicit include dirs: [/home/zarko/riscv64-unknown-elf-toolchain-10.2.0-2020.12.8-x86_64-linux-ubuntu14/riscv64-unknown-elf/include/c++/10.2.0;/home/zarko/riscv64-unknown-elf-toolchain-10.2.0-2020.12.8-x86_64-linux-ubuntu14/riscv64-unknown-elf/include/c++/10.2.0/riscv64-unknown-elf/rv32imac/ilp32;/home/zarko/riscv64-unknown-elf-toolchain-10.2.0-2020.12.8-x86_64-linux-ubuntu14/riscv64-unknown-elf/include/c++/10.2.0/backward;/home/zarko/riscv64-unknown-elf-toolchain-10.2.0-2020.12.8-x86_64-linux-ubuntu14/lib/gcc/riscv64-unknown-elf/10.2.0/include;/home/zarko/riscv64-unknown-elf-toolchain-10.2.0-2020.12.8-x86_64-linux-ubuntu14/lib/gcc/riscv64-unknown-elf/10.2.0/include-fixed;/home/zarko/riscv64-unknown-elf-toolchain-10.2.0-2020.12.8-x86_64-linux-ubuntu14/riscv64-unknown-elf/include]


Parsed CXX implicit link information from above output:
  link line regex: [^( *|.*[/\])(riscv64-unknown-elf-ld|CMAKE_LINK_STARTFILE-NOTFOUND|([^/\]+-)?ld|collect2)[^/\]*( |$)]
  ignore line: [Change Dir: /home/zarko/Desktop/projects/riscv-freertos/build/CMakeFiles/CMakeTmp]
  ignore line: []
  ignore line: [Run Build Command(s):/usr/bin/ninja cmTC_7f972 && [1/2] Building CXX object CMakeFiles/cmTC_7f972.dir/CMakeCXXCompilerABI.cpp.obj]
  ignore line: [Using built-in specs.]
  ignore line: [COLLECT_GCC=/home/zarko/riscv64-unknown-elf-toolchain-10.2.0-2020.12.8-x86_64-linux-ubuntu14/bin/riscv64-unknown-elf-g++]
  ignore line: [Target: riscv64-unknown-elf]
  ignore line: [Configured with: /scratch/jenkins/workspace/tpp-freedom-tools/tpp03--build-binary-packages--parameterized/obj/x86_64-linux-ubuntu14/build/riscv64-unknown-elf-gcc/riscv-gcc/configure --target=riscv64-unknown-elf --host=x86_64-linux-gnu --prefix=/scratch/jenkins/workspace/tpp-freedom-tools/tpp03--build-binary-packages--parameterized/obj/x86_64-linux-ubuntu14/install/riscv64-unknown-elf-gcc-10.2.0-2020.12.8-x86_64-linux-ubuntu14 --with-pkgversion='SiFive GCC-Metal 10.2.0-2020.12.8' --with-bugurl=https://github.com/sifive/freedom-tools/issues --disable-shared --disable-threads --enable-languages=c c++ --enable-tls --with-newlib --with-sysroot=/scratch/jenkins/workspace/tpp-freedom-tools/tpp03--build-binary-packages--parameterized/obj/x86_64-linux-ubuntu14/install/riscv64-unknown-elf-gcc-10.2.0-2020.12.8-x86_64-linux-ubuntu14/riscv64-unknown-elf --with-native-system-header-dir=/include --disable-libmudflap --disable-libssp --disable-libquadmath --disable-libgomp --disable-nls --disable-tm-clone-registry --src=../riscv-gcc --with-system-zlib --enable-checking=yes --enable-multilib --with-abi=lp64d --with-arch=rv64imafdc CFLAGS=-O2 CXXFLAGS=-O2 'CFLAGS_FOR_TARGET=-Os -mcmodel=medany' 'CXXFLAGS_FOR_TARGET=-Os -mcmodel=medany']
  ignore line: [Thread model: single]
  ignore line: [Supported LTO compression algorithms: zlib]
  ignore line: [gcc version 10.2.0 (SiFive GCC-Metal 10.2.0-2020.12.8) ]
  ignore line: [COLLECT_GCC_OPTIONS='-march=rv32imac' '-mabi=ilp32' '-fdata-sections' '-ffunction-sections' '-D' 'DEBUG' '-D' 'D_CLOCK_RATE=50000000' '-D' 'D_EXT_INTERRUPT_FIRST_SOURCE_USED=0' '-D' 'D_EXT_INTERRUPT_LAST_SOURCE_USED=255' '-D' 'D_EXT_INTS_GENERATION_REG_ADDRESS=0x8000100B' '-D' 'D_ISR_STACK_SIZE=400' '-D' 'D_MTIMECMP_ADDRESS=0x80001028' '-D' 'D_MTIME_ADDRESS=0x80001020' '-D' 'D_NEXYS_A7' '-D' 'D_NMI_VEC_ADDRESSS=0x8000100C' '-D' 'D_PIC_BASE_ADDRESS=0xF00C0000' '-D' 'D_PIC_NUM_OF_EXT_INTERRUPTS=256' '-D' 'D_SWERV_EH1' '-D' 'D_TICK_TIME_MS=4' '-D' 'D_TIMER_ACTIVATION_ADDRESS=0x80001034' '-D' 'D_TIMER_DURATION_SETUP_ADDRESS=0x80001030' '-D' '__riscv_xlen=32' '-fno-rtti' '-fno-exceptions' '-fno-threadsafe-statics' '-v' '-std=gnu++2a' '-o' 'CMakeFiles/cmTC_7f972.dir/CMakeCXXCompilerABI.cpp.obj' '-c' '-march=rv32imac']
  ignore line: [ /home/zarko/riscv64-unknown-elf-toolchain-10.2.0-2020.12.8-x86_64-linux-ubuntu14/bin/../libexec/gcc/riscv64-unknown-elf/10.2.0/cc1plus -quiet -v -imultilib rv32imac/ilp32 -iprefix /home/zarko/riscv64-unknown-elf-toolchain-10.2.0-2020.12.8-x86_64-linux-ubuntu14/bin/../lib/gcc/riscv64-unknown-elf/10.2.0/ -isysroot /home/zarko/riscv64-unknown-elf-toolchain-10.2.0-2020.12.8-x86_64-linux-ubuntu14/bin/../riscv64-unknown-elf -D DEBUG -D D_CLOCK_RATE=50000000 -D D_EXT_INTERRUPT_FIRST_SOURCE_USED=0 -D D_EXT_INTERRUPT_LAST_SOURCE_USED=255 -D D_EXT_INTS_GENERATION_REG_ADDRESS=0x8000100B -D D_ISR_STACK_SIZE=400 -D D_MTIMECMP_ADDRESS=0x80001028 -D D_MTIME_ADDRESS=0x80001020 -D D_NEXYS_A7 -D D_NMI_VEC_ADDRESSS=0x8000100C -D D_PIC_BASE_ADDRESS=0xF00C0000 -D D_PIC_NUM_OF_EXT_INTERRUPTS=256 -D D_SWERV_EH1 -D D_TICK_TIME_MS=4 -D D_TIMER_ACTIVATION_ADDRESS=0x80001034 -D D_TIMER_DURATION_SETUP_ADDRESS=0x80001030 -D __riscv_xlen=32 /usr/share/cmake-3.22/Modules/CMakeCXXCompilerABI.cpp -quiet -dumpbase CMakeCXXCompilerABI.cpp -march=rv32imac -mabi=ilp32 -march=rv32imac -auxbase-strip CMakeFiles/cmTC_7f972.dir/CMakeCXXCompilerABI.cpp.obj -std=gnu++2a -version -fdata-sections -ffunction-sections -fno-rtti -fno-exceptions -fno-threadsafe-statics -o /tmp/ccJhbEME.s]
  ignore line: [GNU C++17 (SiFive GCC-Metal 10.2.0-2020.12.8) version 10.2.0 (riscv64-unknown-elf)]
  ignore line: [	compiled by GNU C version 5.4.0 20160609  GMP version 6.1.0  MPFR version 3.1.4  MPC version 1.0.3  isl version isl-0.18-GMP]
  ignore line: []
  ignore line: [GGC heuristics: --param ggc-min-expand=30 --param ggc-min-heapsize=4096]
  ignore line: [ignoring duplicate directory "/home/zarko/riscv64-unknown-elf-toolchain-10.2.0-2020.12.8-x86_64-linux-ubuntu14/bin/../lib/gcc/../../lib/gcc/riscv64-unknown-elf/10.2.0/../../../../riscv64-unknown-elf/include/c++/10.2.0"]
  ignore line: [ignoring duplicate directory "/home/zarko/riscv64-unknown-elf-toolchain-10.2.0-2020.12.8-x86_64-linux-ubuntu14/bin/../lib/gcc/../../lib/gcc/riscv64-unknown-elf/10.2.0/../../../../riscv64-unknown-elf/include/c++/10.2.0/riscv64-unknown-elf/rv32imac/ilp32"]
  ignore line: [ignoring duplicate directory "/home/zarko/riscv64-unknown-elf-toolchain-10.2.0-2020.12.8-x86_64-linux-ubuntu14/bin/../lib/gcc/../../lib/gcc/riscv64-unknown-elf/10.2.0/../../../../riscv64-unknown-elf/include/c++/10.2.0/backward"]
  ignore line: [ignoring duplicate directory "/home/zarko/riscv64-unknown-elf-toolchain-10.2.0-2020.12.8-x86_64-linux-ubuntu14/bin/../lib/gcc/../../lib/gcc/riscv64-unknown-elf/10.2.0/include"]
  ignore line: [ignoring nonexistent directory "/home/zarko/riscv64-unknown-elf-toolchain-10.2.0-2020.12.8-x86_64-linux-ubuntu14/bin/../riscv64-unknown-elf/usr/local/include"]
  ignore line: [ignoring duplicate directory "/home/zarko/riscv64-unknown-elf-toolchain-10.2.0-2020.12.8-x86_64-linux-ubuntu14/bin/../lib/gcc/../../lib/gcc/riscv64-unknown-elf/10.2.0/include-fixed"]
  ignore line: [ignoring duplicate directory "/home/zarko/riscv64-unknown-elf-toolchain-10.2.0-2020.12.8-x86_64-linux-ubuntu14/bin/../lib/gcc/../../lib/gcc/riscv64-unknown-elf/10.2.0/../../../../riscv64-unknown-elf/include"]
  ignore line: [ignoring duplicate directory "/home/zarko/riscv64-unknown-elf-toolchain-10.2.0-2020.12.8-x86_64-linux-ubuntu14/bin/../riscv64-unknown-elf/include"]
  ignore line: [#include "..." search starts here:]
  ignore line: [#include <...> search starts here:]
  ignore line: [ /home/zarko/riscv64-unknown-elf-toolchain-10.2.0-2020.12.8-x86_64-linux-ubuntu14/bin/../lib/gcc/riscv64-unknown-elf/10.2.0/../../../../riscv64-unknown-elf/include/c++/10.2.0]
  ignore line: [ /home/zarko/riscv64-unknown-elf-toolchain-10.2.0-2020.12.8-x86_64-linux-ubuntu14/bin/../lib/gcc/riscv64-unknown-elf/10.2.0/../../../../riscv64-unknown-elf/include/c++/10.2.0/riscv64-unknown-elf/rv32imac/ilp32]
  ignore line: [ /home/zarko/riscv64-unknown-elf-toolchain-10.2.0-2020.12.8-x86_64-linux-ubuntu14/bin/../lib/gcc/riscv64-unknown-elf/10.2.0/../../../../riscv64-unknown-elf/include/c++/10.2.0/backward]
  ignore line: [ /home/zarko/riscv64-unknown-elf-toolchain-10.2.0-2020.12.8-x86_64-linux-ubuntu14/bin/../lib/gcc/riscv64-unknown-elf/10.2.0/include]
  ignore line: [ /home/zarko/riscv64-unknown-elf-toolchain-10.2.0-2020.12.8-x86_64-linux-ubuntu14/bin/../lib/gcc/riscv64-unknown-elf/10.2.0/include-fixed]
  ignore line: [ /home/zarko/riscv64-unknown-elf-toolchain-10.2.0-2020.12.8-x86_64-linux-ubuntu14/bin/../lib/gcc/riscv64-unknown-elf/10.2.0/../../../../riscv64-unknown-elf/include]
  ignore line: [End of search list.]
  ignore line: [GNU C++17 (SiFive GCC-Metal 10.2.0-2020.12.8) version 10.2.0 (riscv64-unknown-elf)]
  ignore line: [	compiled by GNU C version 5.4.0 20160609  GMP version 6.1.0  MPFR version 3.1.4  MPC version 1.0.3  isl version isl-0.18-GMP]
  ignore line: []
  ignore line: [GGC heuristics: --param ggc-min-expand=30 --param ggc-min-heapsize=4096]
  ignore line: [Compiler executable checksum: 791c50c20806655646fdbfc3c3b338d7]
  ignore line: [COLLECT_GCC_OPTIONS='-march=rv32imac' '-mabi=ilp32' '-fdata-sections' '-ffunction-sections' '-D' 'DEBUG' '-D' 'D_CLOCK_RATE=50000000' '-D' 'D_EXT_INTERRUPT_FIRST_SOURCE_USED=0' '-D' 'D_EXT_INTERRUPT_LAST_SOURCE_USED=255' '-D' 'D_EXT_INTS_GENERATION_REG_ADDRESS=0x8000100B' '-D' 'D_ISR_STACK_SIZE=400' '-D' 'D_MTIMECMP_ADDRESS=0x80001028' '-D' 'D_MTIME_ADDRESS=0x80001020' '-D' 'D_NEXYS_A7' '-D' 'D_NMI_VEC_ADDRESSS=0x8000100C' '-D' 'D_PIC_BASE_ADDRESS=0xF00C0000' '-D' 'D_PIC_NUM_OF_EXT_INTERRUPTS=256' '-D' 'D_SWERV_EH1' '-D' 'D_TICK_TIME_MS=4' '-D' 'D_TIMER_ACTIVATION_ADDRESS=0x80001034' '-D' 'D_TIMER_DURATION_SETUP_ADDRESS=0x80001030' '-D' '__riscv_xlen=32' '-fno-rtti' '-fno-exceptions' '-fno-threadsafe-statics' '-v' '-std=gnu++2a' '-o' 'CMakeFiles/cmTC_7f972.dir/CMakeCXXCompilerABI.cpp.obj' '-c' '-march=rv32imac']
  ignore line: [ /home/zarko/riscv64-unknown-elf-toolchain-10.2.0-2020.12.8-x86_64-linux-ubuntu14/bin/../lib/gcc/riscv64-unknown-elf/10.2.0/../../../../riscv64-unknown-elf/bin/as -v --traditional-format -march=rv32imac -march=rv32imac -mabi=ilp32 -o CMakeFiles/cmTC_7f972.dir/CMakeCXXCompilerABI.cpp.obj /tmp/ccJhbEME.s]
  ignore line: [GNU assembler version 2.35 (riscv64-unknown-elf) using BFD version (SiFive Binutils-Metal 2.35.0-2020.12.8) 2.35]
  ignore line: [COMPILER_PATH=/home/zarko/riscv64-unknown-elf-toolchain-10.2.0-2020.12.8-x86_64-linux-ubuntu14/bin/../libexec/gcc/riscv64-unknown-elf/10.2.0/:/home/zarko/riscv64-unknown-elf-toolchain-10.2.0-2020.12.8-x86_64-linux-ubuntu14/bin/../libexec/gcc/:/home/zarko/riscv64-unknown-elf-toolchain-10.2.0-2020.12.8-x86_64-linux-ubuntu14/bin/../lib/gcc/riscv64-unknown-elf/10.2.0/../../../../riscv64-unknown-elf/bin/]
  ignore line: [LIBRARY_PATH=/home/zarko/riscv64-unknown-elf-toolchain-10.2.0-2020.12.8-x86_64-linux-ubuntu14/bin/../lib/gcc/riscv64-unknown-elf/10.2.0/rv32imac/ilp32/:/home/zarko/riscv64-unknown-elf-toolchain-10.2.0-2020.12.8-x86_64-linux-ubuntu14/bin/../lib/gcc/riscv64-unknown-elf/10.2.0/../../../../riscv64-unknown-elf/lib/rv32imac/ilp32/:/home/zarko/riscv64-unknown-elf-toolchain-10.2.0-2020.12.8-x86_64-linux-ubuntu14/bin/../riscv64-unknown-elf/lib/rv32imac/ilp32/:/home/zarko/riscv64-unknown-elf-toolchain-10.2.0-2020.12.8-x86_64-linux-ubuntu14/bin/../lib/gcc/riscv64-unknown-elf/10.2.0/:/home/zarko/riscv64-unknown-elf-toolchain-10.2.0-2020.12.8-x86_64-linux-ubuntu14/bin/../lib/gcc/:/home/zarko/riscv64-unknown-elf-toolchain-10.2.0-2020.12.8-x86_64-linux-ubuntu14/bin/../lib/gcc/riscv64-unknown-elf/10.2.0/../../../../riscv64-unknown-elf/lib/:/home/zarko/riscv64-unknown-elf-toolchain-10.2.0-2020.12.8-x86_64-linux-ubuntu14/bin/../riscv64-unknown-elf/lib/]
  ignore line: [COLLECT_GCC_OPTIONS='-march=rv32imac' '-mabi=ilp32' '-fdata-sections' '-ffunction-sections' '-D' 'DEBUG' '-D' 'D_CLOCK_RATE=50000000' '-D' 'D_EXT_INTERRUPT_FIRST_SOURCE_USED=0' '-D' 'D_EXT_INTERRUPT_LAST_SOURCE_USED=255' '-D' 'D_EXT_INTS_GENERATION_REG_ADDRESS=0x8000100B' '-D' 'D_ISR_STACK_SIZE=400' '-D' 'D_MTIMECMP_ADDRESS=0x80001028' '-D' 'D_MTIME_ADDRESS=0x80001020' '-D' 'D_NEXYS_A7' '-D' 'D_NMI_VEC_ADDRESSS=0x8000100C' '-D' 'D_PIC_BASE_ADDRESS=0xF00C0000' '-D' 'D_PIC_NUM_OF_EXT_INTERRUPTS=256' '-D' 'D_SWERV_EH1' '-D' 'D_TICK_TIME_MS=4' '-D' 'D_TIMER_ACTIVATION_ADDRESS=0x80001034' '-D' 'D_TIMER_DURATION_SETUP_ADDRESS=0x80001030' '-D' '__riscv_xlen=32' '-fno-rtti' '-fno-exceptions' '-fno-threadsafe-statics' '-v' '-std=gnu++2a' '-o' 'CMakeFiles/cmTC_7f972.dir/CMakeCXXCompilerABI.cpp.obj' '-c' '-march=rv32imac']
  ignore line: [[2/2] Linking CXX static library libcmTC_7f972.a]
  ignore line: []
  ignore line: []
  implicit libs: []
  implicit objs: []
  implicit dirs: []
  implicit fwks: []


Checking whether the ASM compiler is GNU using "--version" matched "(GNU assembler)|(GCC)|(Free Software Foundation)":
riscv64-unknown-elf-gcc (SiFive GCC-Metal 10.2.0-2020.12.8) 10.2.0
Copyright (C) 2020 Free Software Foundation, Inc.
This is free software; see the source for copying conditions.  There is NO
warranty; not even for MERCHANTABILITY or FITNESS FOR A PARTICULAR PURPOSE.

